This is XeTeX, Version 3.1415926-2.3-0.9997.5 (MiKTeX 2.9) (preloaded format=xelatex 2012.9.26)  10 NOV 2014 01:50
entering extended mode
**D:/Science/Конференции/Conference*papers/RTU_2014/2014.11.08/paper
.tex
("D:/Science/Конференции/Conference papers/RTU_2014/2014.11.08/paper
.tex"
LaTeX2e <2011/06/27>
Babel <v3.8m> and hyphenation patterns for english, afrikaans, ancientgreek, ar
abic, armenian, assamese, basque, bengali, bokmal, bulgarian, catalan, coptic, 
croatian, czech, danish, dutch, esperanto, estonian, farsi, finnish, french, ga
lician, german, german-x-2009-06-19, greek, gujarati, hindi, hungarian, iceland
ic, indonesian, interlingua, irish, italian, kannada, kurmanji, lao, latin, lat
vian, lithuanian, malayalam, marathi, mongolian, mongolianlmc, monogreek, ngerm
an, ngerman-x-2009-06-19, nynorsk, oriya, panjabi, pinyin, polish, portuguese, 
romanian, russian, sanskrit, serbian, slovak, slovenian, spanish, swedish, swis
sgerman, tamil, telugu, turkish, turkmen, ukenglish, ukrainian, uppersorbian, u
senglishmax, welsh, loaded.
("C:\Program Files\MiKTeX 2.9\tex\latex\ieeetran\IEEEtran.cls"
Document Class: IEEEtran 2014/09/17 V1.8a by Michael Shell
-- See the "IEEEtran_HOWTO" manual for usage information.
-- http://www.michaelshell.org/tex/ieeetran/
\@IEEEtrantmpdimenA=\dimen102
\@IEEEtrantmpdimenB=\dimen103
\@IEEEtrantmpdimenC=\dimen104
\@IEEEtrantmpcountA=\count80
\@IEEEtrantmpcountB=\count81
\@IEEEtrantmpcountC=\count82
\@IEEEtrantmptoksA=\toks14
LaTeX Font Info:    Try loading font information for OT1+ptm on input line 458.

("C:\Program Files\MiKTeX 2.9\tex\latex\psnfss\ot1ptm.fd"
File: ot1ptm.fd 2001/06/04 font definitions for OT1/ptm.
)
Requested font "ptmr7t" at 10.0pt
 -> ptmr7t

-- Using 8.5in x 11in (letter) paper.
-- Using DVI output.
\@IEEEnormalsizeunitybaselineskip=\dimen105
-- This is a 10 point document.
Requested font "ptmr7t" at 9.0pt
 -> ptmr7t
\CLASSINFOnormalsizebaselineskip=\dimen106
\CLASSINFOnormalsizeunitybaselineskip=\dimen107
\IEEEnormaljot=\dimen108
Requested font "ptmr7t" at 5.0pt
 -> ptmr7t
LaTeX Font Info:    Font shape `OT1/ptm/bx/n' in size <5> not available
(Font)              Font shape `OT1/ptm/b/n' tried instead on input line 1039.
Requested font "ptmb7t" at 5.0pt
 -> ptmb7t
Requested font "ptmri7t" at 5.0pt
 -> ptmri7t
LaTeX Font Info:    Font shape `OT1/ptm/bx/it' in size <5> not available
(Font)              Font shape `OT1/ptm/b/it' tried instead on input line 1039.

Requested font "ptmbi7t" at 5.0pt
 -> ptmbi7t
Requested font "ptmr7t" at 7.0pt
 -> ptmr7t
LaTeX Font Info:    Font shape `OT1/ptm/bx/n' in size <7> not available
(Font)              Font shape `OT1/ptm/b/n' tried instead on input line 1039.
Requested font "ptmb7t" at 7.0pt
 -> ptmb7t
Requested font "ptmri7t" at 7.0pt
 -> ptmri7t
LaTeX Font Info:    Font shape `OT1/ptm/bx/it' in size <7> not available
(Font)              Font shape `OT1/ptm/b/it' tried instead on input line 1039.

Requested font "ptmbi7t" at 7.0pt
 -> ptmbi7t
Requested font "ptmr7t" at 8.0pt
 -> ptmr7t
LaTeX Font Info:    Font shape `OT1/ptm/bx/n' in size <8> not available
(Font)              Font shape `OT1/ptm/b/n' tried instead on input line 1039.
Requested font "ptmb7t" at 8.0pt
 -> ptmb7t
Requested font "ptmri7t" at 8.0pt
 -> ptmri7t
LaTeX Font Info:    Font shape `OT1/ptm/bx/it' in size <8> not available
(Font)              Font shape `OT1/ptm/b/it' tried instead on input line 1039.

Requested font "ptmbi7t" at 8.0pt
 -> ptmbi7t
LaTeX Font Info:    Font shape `OT1/ptm/bx/n' in size <9> not available
(Font)              Font shape `OT1/ptm/b/n' tried instead on input line 1039.
Requested font "ptmb7t" at 9.0pt
 -> ptmb7t
Requested font "ptmri7t" at 9.0pt
 -> ptmri7t
LaTeX Font Info:    Font shape `OT1/ptm/bx/it' in size <9> not available
(Font)              Font shape `OT1/ptm/b/it' tried instead on input line 1039.

Requested font "ptmbi7t" at 9.0pt
 -> ptmbi7t
LaTeX Font Info:    Font shape `OT1/ptm/bx/n' in size <10> not available
(Font)              Font shape `OT1/ptm/b/n' tried instead on input line 1039.
Requested font "ptmb7t" at 10.0pt
 -> ptmb7t
Requested font "ptmri7t" at 10.0pt
 -> ptmri7t
LaTeX Font Info:    Font shape `OT1/ptm/bx/it' in size <10> not available
(Font)              Font shape `OT1/ptm/b/it' tried instead on input line 1039.

Requested font "ptmbi7t" at 10.0pt
 -> ptmbi7t
Requested font "ptmr7t" at 11.0pt
 -> ptmr7t
LaTeX Font Info:    Font shape `OT1/ptm/bx/n' in size <11> not available
(Font)              Font shape `OT1/ptm/b/n' tried instead on input line 1039.
Requested font "ptmb7t" at 11.0pt
 -> ptmb7t
Requested font "ptmri7t" at 11.0pt
 -> ptmri7t
LaTeX Font Info:    Font shape `OT1/ptm/bx/it' in size <11> not available
(Font)              Font shape `OT1/ptm/b/it' tried instead on input line 1039.

Requested font "ptmbi7t" at 11.0pt
 -> ptmbi7t
Requested font "ptmr7t" at 12.0pt
 -> ptmr7t
LaTeX Font Info:    Font shape `OT1/ptm/bx/n' in size <12> not available
(Font)              Font shape `OT1/ptm/b/n' tried instead on input line 1039.
Requested font "ptmb7t" at 12.0pt
 -> ptmb7t
Requested font "ptmri7t" at 12.0pt
 -> ptmri7t
LaTeX Font Info:    Font shape `OT1/ptm/bx/it' in size <12> not available
(Font)              Font shape `OT1/ptm/b/it' tried instead on input line 1039.

Requested font "ptmbi7t" at 12.0pt
 -> ptmbi7t
Requested font "ptmr7t" at 17.0pt
 -> ptmr7t
LaTeX Font Info:    Font shape `OT1/ptm/bx/n' in size <17> not available
(Font)              Font shape `OT1/ptm/b/n' tried instead on input line 1039.
Requested font "ptmb7t" at 17.0pt
 -> ptmb7t
Requested font "ptmri7t" at 17.0pt
 -> ptmri7t
LaTeX Font Info:    Font shape `OT1/ptm/bx/it' in size <17> not available
(Font)              Font shape `OT1/ptm/b/it' tried instead on input line 1039.

Requested font "ptmbi7t" at 17.0pt
 -> ptmbi7t
Requested font "ptmr7t" at 20.0pt
 -> ptmr7t
LaTeX Font Info:    Font shape `OT1/ptm/bx/n' in size <20> not available
(Font)              Font shape `OT1/ptm/b/n' tried instead on input line 1039.
Requested font "ptmb7t" at 20.0pt
 -> ptmb7t
Requested font "ptmri7t" at 20.0pt
 -> ptmri7t
LaTeX Font Info:    Font shape `OT1/ptm/bx/it' in size <20> not available
(Font)              Font shape `OT1/ptm/b/it' tried instead on input line 1039.

Requested font "ptmbi7t" at 20.0pt
 -> ptmbi7t
Requested font "ptmr7t" at 24.0pt
 -> ptmr7t
LaTeX Font Info:    Font shape `OT1/ptm/bx/n' in size <24> not available
(Font)              Font shape `OT1/ptm/b/n' tried instead on input line 1039.
Requested font "ptmb7t" at 24.0pt
 -> ptmb7t
Requested font "ptmri7t" at 24.0pt
 -> ptmri7t
LaTeX Font Info:    Font shape `OT1/ptm/bx/it' in size <24> not available
(Font)              Font shape `OT1/ptm/b/it' tried instead on input line 1039.

Requested font "ptmbi7t" at 24.0pt
 -> ptmbi7t
\IEEEquantizedlength=\dimen109
\IEEEquantizedlengthdiff=\dimen110
\IEEEquantizedtextheightdiff=\dimen111
\IEEEilabelindentA=\dimen112
\IEEEilabelindentB=\dimen113
\IEEEilabelindent=\dimen114
\IEEEelabelindent=\dimen115
\IEEEdlabelindent=\dimen116
\IEEElabelindent=\dimen117
\IEEEiednormlabelsep=\dimen118
\IEEEiedmathlabelsep=\dimen119
\IEEEiedtopsep=\skip41
\c@section=\count83
\c@subsection=\count84
\c@subsubsection=\count85
\c@paragraph=\count86
\c@IEEEsubequation=\count87
\abovecaptionskip=\skip42
\belowcaptionskip=\skip43
\c@figure=\count88
\c@table=\count89
\@IEEEeqnnumcols=\count90
\@IEEEeqncolcnt=\count91
\@IEEEsubeqnnumrollback=\count92
\@IEEEquantizeheightA=\dimen120
\@IEEEquantizeheightB=\dimen121
\@IEEEquantizeheightC=\dimen122
\@IEEEquantizeprevdepth=\dimen123
\@IEEEquantizemultiple=\count93
\@IEEEquantizeboxA=\box26
\@IEEEtmpitemindent=\dimen124
\c@IEEEbiography=\count94
\@IEEEtranrubishbin=\box27
) ("C:\Program Files\MiKTeX 2.9\tex\latex\was\gensymb.sty"
Package: gensymb 2003/07/02 v1.0 (WaS)
)
("C:\Program Files\MiKTeX 2.9\tex\latex\graphics\graphicx.sty"
Package: graphicx 1999/02/16 v1.0f Enhanced LaTeX Graphics (DPC,SPQR)

("C:\Program Files\MiKTeX 2.9\tex\latex\graphics\keyval.sty"
Package: keyval 1999/03/16 v1.13 key=value parser (DPC)
\KV@toks@=\toks15
)
("C:\Program Files\MiKTeX 2.9\tex\latex\graphics\graphics.sty"
Package: graphics 2009/02/05 v1.0o Standard LaTeX Graphics (DPC,SPQR)

("C:\Program Files\MiKTeX 2.9\tex\latex\graphics\trig.sty"
Package: trig 1999/03/16 v1.09 sin cos tan (DPC)
)
("C:\Program Files\MiKTeX 2.9\tex\latex\00miktex\graphics.cfg"
File: graphics.cfg 2007/01/18 v1.5 graphics configuration of teTeX/TeXLive
)
Package graphics Info: Driver file: dvips.def on input line 91.

("C:\Program Files\MiKTeX 2.9\tex\latex\graphics\dvips.def"
File: dvips.def 1999/02/16 v3.0i Driver-dependant file (DPC,SPQR)
))
\Gin@req@height=\dimen125
\Gin@req@width=\dimen126
)
("C:\Program Files\MiKTeX 2.9\tex\latex\tools\array.sty"
Package: array 2008/09/09 v2.4c Tabular extension package (FMi)
\col@sep=\dimen127
\extrarowheight=\dimen128
\NC@list=\toks16
\extratabsurround=\skip44
\backup@length=\skip45
)
("C:\Program Files\MiKTeX 2.9\tex\latex\subfigure\subfigure.sty"
Package: subfigure 2002/07/30 v2.1.4 subfigure package
\subfigtopskip=\skip46
\subfigcapskip=\skip47
\subfigcaptopadj=\dimen129
\subfigbottomskip=\skip48
\subfigcapmargin=\dimen130
\subfiglabelskip=\skip49
\c@subfigure=\count95
\c@lofdepth=\count96
\c@subtable=\count97
\c@lotdepth=\count98

****************************************
* Local config file subfigure.cfg used *
****************************************
("C:\Program Files\MiKTeX 2.9\tex\latex\subfigure\subfigure.cfg")
\subfig@top=\skip50
\subfig@bottom=\skip51
)
("C:\Program Files\MiKTeX 2.9\tex\latex\base\fixltx2e.sty"
Package: fixltx2e 2006/09/13 v1.1m fixes to LaTeX
LaTeX Info: Redefining \em on input line 420.
)
("D:\Science\Конференции\Conference papers\RTU_2014\2014.11.08\paper
.aux")
LaTeX Font Info:    Checking defaults for OML/cmm/m/it on input line 392.
LaTeX Font Info:    ... okay on input line 392.
LaTeX Font Info:    Checking defaults for T1/cmr/m/n on input line 392.
LaTeX Font Info:    ... okay on input line 392.
LaTeX Font Info:    Checking defaults for OT1/cmr/m/n on input line 392.
LaTeX Font Info:    ... okay on input line 392.
LaTeX Font Info:    Checking defaults for OMS/cmsy/m/n on input line 392.
LaTeX Font Info:    ... okay on input line 392.
LaTeX Font Info:    Checking defaults for OMX/cmex/m/n on input line 392.
LaTeX Font Info:    ... okay on input line 392.
LaTeX Font Info:    Checking defaults for U/cmr/m/n on input line 392.
LaTeX Font Info:    ... okay on input line 392.

-- Lines per column: 58 (exact).
LaTeX Info: Redefining \celsius on input line 392.
Package gensymb Info: Faking symbols for \degree and \celsius on input line 392
.

Package gensymb Warning: Not defining \perthousand.

LaTeX Info: Redefining \ohm on input line 392.
Package gensymb Info: Using \Omega for \ohm on input line 392.

Package gensymb Warning: Not defining \micro.

Requested font "cmr9" at 9.0pt
 -> cmr9
Requested font "cmr6" at 6.0pt
 -> cmr6
Requested font "cmmi9" at 9.0pt
 -> cmmi9
Requested font "cmmi6" at 6.0pt
 -> cmmi6
Requested font "cmsy9" at 9.0pt
 -> cmsy9
Requested font "cmsy6" at 6.0pt
 -> cmsy6
LaTeX Font Info:    External font `cmex10' loaded for size
(Font)              <9> on input line 486.
LaTeX Font Info:    External font `cmex10' loaded for size
(Font)              <6> on input line 486.
LaTeX Font Info:    External font `cmex10' loaded for size
(Font)              <5> on input line 486.
LaTeX Font Info:    Font shape `OT1/ptm/bx/n' in size <6> not available
(Font)              Font shape `OT1/ptm/b/n' tried instead on input line 486.
Requested font "ptmb7t" at 6.0pt
 -> ptmb7t
Requested font "ptmrc7t" at 10.0pt
 -> ptmrc7t
Requested font "ptmb7t" at 19.88007pt
 -> ptmb7t
Requested font "ptmb7t" at 29.54773pt
 -> ptmb7t
Missing character: There is no ’ in font ptmr7t!
Missing character: There is no – in font ptmr7t!
Missing character: There is no ’ in font ptmr7t!
Missing character: There is no – in font ptmr7t!
LaTeX Font Info:    External font `cmex10' loaded for size
(Font)              <7> on input line 544.
File: co2_.eps Graphic file (type eps)
<co2_.eps>
Requested font "cmr8" at 8.0pt
 -> cmr8
Requested font "cmmi8" at 8.0pt
 -> cmmi8
Requested font "cmsy8" at 8.0pt
 -> cmsy8
LaTeX Font Info:    External font `cmex10' loaded for size
(Font)              <8> on input line 549.
Missing character: There is no – in font ptmr7t!
Missing character: There is no ’ in font ptmr7t!
Missing character: There is no – in font ptmr7t!
Missing character: There is no ’ in font ptmr7t!
 [1


]
File: IoT_Scheme.eps Graphic file (type eps)
 <IoT_Scheme.eps>
Overfull \hbox (0.94499pt too wide) in paragraph at lines 683--684
 [][] 
 []

[2]
Requested font "ptmrc7t" at 8.0pt
 -> ptmrc7t
Missing character: There is no ’ in font ptmr7t!

Overfull \hbox (23.94987pt too wide) in paragraph at lines 712--729
[][] 
 []

File: iot_arch.eps Graphic file (type eps)
<iot_arch.eps>
Overfull \hbox (0.94499pt too wide) in paragraph at lines 735--736
 [][] 
 []

[3]
File: ArduinoNano3.eps Graphic file (type eps)
 <ArduinoNano3.eps>
Overfull \hbox (0.94499pt too wide) in paragraph at lines 750--751
 [][] 
 []

File: wake_up.eps Graphic file (type eps)
<wake_up.eps>
Missing character: There is no ’ in font ptmr7t!
Missing character: There is no ’ in font ptmr7t!
Missing character: There is no ’ in font ptmr7t!
Missing character: There is no ’ in font ptmr7t!
 [4]
Missing character: There is no – in font ptmr7t!
Missing character: There is no – in font ptmr7t!
Missing character: There is no ’ in font ptmr7t!

Underfull \hbox (badness 10000) in paragraph at lines 837--838
[]\OT1/ptm/m/n/8 SEC1: El-lip-tic Curve Cryp-tog-ra-phy [Elec-tronic re-source]

 []


Underfull \hbox (badness 10000) in paragraph at lines 837--838
\OT1/ptm/m/n/8 http://www.secg.org/download/aid-385/sec1[]final.pdf  Re-source
 []

Missing character: There is no – in font ptmr7t!
Missing character: There is no – in font ptmr7t!
Missing character: There is no ’ in font ptmr7t!

Underfull \hbox (badness 10000) in paragraph at lines 838--839
[]\OT1/ptm/m/n/8 Huge Ad-vance for Tiny De-vices [Elec-tronic re-source]
 []


Underfull \hbox (badness 10000) in paragraph at lines 838--839
\OT1/ptm/m/n/8 http://research.sun.com /spot-light/2005[]02[]10.tiny[]devices.h
tml
 []

Missing character: There is no “ in font ptmr7t!
Missing character: There is no ” in font ptmr7t!
Missing character: There is no “ in font ptmr7t!
Missing character: There is no ” in font ptmr7t!
Missing character: There is no “ in font ptmr7t!
Missing character: There is no ” in font ptmr7t!

Underfull \hbox (badness 6859) in paragraph at lines 842--843
\OT1/ptm/m/n/8 De-sign of Build-ing Mon-i-tor-ing Sys-tems Based on Wire-less
 []


Underfull \hbox (badness 2119) in paragraph at lines 842--843
\OT1/ptm/m/n/8 Sen-sor Net-works, Wire-less Sen-sor Net-work, 2010, 2, 703-709,

 []

Missing character: There is no “ in font ptmr7t!
Missing character: There is no ” in font ptmr7t!

Underfull \hbox (badness 10000) in paragraph at lines 844--845
[]\OT1/ptm/m/n/8 XBee 802.15.4 - Digi In-ter-na-tional. - \OT1/ptm/m/it/8 In-te
r-net re-source:
 []


Underfull \hbox (badness 10000) in paragraph at lines 844--845
\OT1/ptm/m/it/8 http://www.digi.com/products/wireless-wired-embedded-
 []


Underfull \hbox (badness 10000) in paragraph at lines 844--845
\OT1/ptm/m/it/8 solutions/zigbee-rf-modules/point-multipoint-rfmodules/xbee-ser
ies1-
 []


Underfull \hbox (badness 4752) in paragraph at lines 846--847
[]\OT1/ptm/m/n/8 Digital 16bit Se-rial Out-put Type Am-bi-ent Light Sen-sor IC.

 []


Underfull \hbox (badness 6893) in paragraph at lines 846--847
\OT1/ptm/m/n/8 - \OT1/ptm/m/it/8 http://www.dfrobot.com/image/data/SEN0097/BH17
50FVI.pdf \OT1/ptm/m/n/8 Ac-
 []


Underfull \hbox (badness 10000) in paragraph at lines 847--848
[]\OT1/ptm/m/n/8 HC-SR501 PIR mo-tion de-tec-tor. -
 []


Underfull \hbox (badness 10000) in paragraph at lines 848--849
[]\OT1/ptm/m/n/8 IEQ Chek, prod-uct de-scrip-tion, on-line:
 []


Underfull \hbox (badness 10000) in paragraph at lines 848--849
\OT1/ptm/m/n/8 http://www.tequipment.net/assets/1/26/Documents/Bacharach/
 []

[5

] ("D:\Science\Конференции\Conference papers\RTU_2014\2014.11.08\pap
er.aux") ) 
Here is how much of TeX's memory you used:
 1646 strings out of 429156
 26146 string characters out of 3168943
 84120 words of memory out of 3000000
 4930 multiletter control sequences out of 15000+200000
 30294 words of font info for 68 fonts, out of 3000000 for 9000
 789 hyphenation exceptions out of 8191
 26i,9n,24p,2135b,241s stack positions out of 5000i,500n,10000p,200000b,50000s

Output written on paper.pdf (5 pages).
