This is XeTeX, Version 3.1415926-2.3-0.9997.5 (MiKTeX 2.9) (preloaded format=xelatex 2012.9.26)  26 OCT 2014 22:43
entering extended mode
**D:/Science/Конференции/Conference*papers/RTU_2014/2014.10.26/untit
led-1.tex
("D:/Science/Конференции/Conference papers/RTU_2014/2014.10.26/untit
led-1.tex"
LaTeX2e <2011/06/27>
Babel <v3.8m> and hyphenation patterns for english, afrikaans, ancientgreek, ar
abic, armenian, assamese, basque, bengali, bokmal, bulgarian, catalan, coptic, 
croatian, czech, danish, dutch, esperanto, estonian, farsi, finnish, french, ga
lician, german, german-x-2009-06-19, greek, gujarati, hindi, hungarian, iceland
ic, indonesian, interlingua, irish, italian, kannada, kurmanji, lao, latin, lat
vian, lithuanian, malayalam, marathi, mongolian, mongolianlmc, monogreek, ngerm
an, ngerman-x-2009-06-19, nynorsk, oriya, panjabi, pinyin, polish, portuguese, 
romanian, russian, sanskrit, serbian, slovak, slovenian, spanish, swedish, swis
sgerman, tamil, telugu, turkish, turkmen, ukenglish, ukrainian, uppersorbian, u
senglishmax, welsh, loaded.
("C:\Program Files\MiKTeX 2.9\tex\latex\ieeetran\IEEEtran.cls"
Document Class: IEEEtran 2014/09/17 V1.8a by Michael Shell
-- See the "IEEEtran_HOWTO" manual for usage information.
-- http://www.michaelshell.org/tex/ieeetran/
\@IEEEtrantmpdimenA=\dimen102
\@IEEEtrantmpdimenB=\dimen103
\@IEEEtrantmpdimenC=\dimen104
\@IEEEtrantmpcountA=\count80
\@IEEEtrantmpcountB=\count81
\@IEEEtrantmpcountC=\count82
\@IEEEtrantmptoksA=\toks14
LaTeX Font Info:    Try loading font information for OT1+ptm on input line 458.

("C:\Program Files\MiKTeX 2.9\tex\latex\psnfss\ot1ptm.fd"
File: ot1ptm.fd 2001/06/04 font definitions for OT1/ptm.
)
Requested font "ptmr7t" at 10.0pt
 -> ptmr7t

-- Using 8.5in x 11in (letter) paper.
-- Using DVI output.
\@IEEEnormalsizeunitybaselineskip=\dimen105
-- This is a 10 point document.
Requested font "ptmr7t" at 9.0pt
 -> ptmr7t
\CLASSINFOnormalsizebaselineskip=\dimen106
\CLASSINFOnormalsizeunitybaselineskip=\dimen107
\IEEEnormaljot=\dimen108
Requested font "ptmr7t" at 5.0pt
 -> ptmr7t
LaTeX Font Info:    Font shape `OT1/ptm/bx/n' in size <5> not available
(Font)              Font shape `OT1/ptm/b/n' tried instead on input line 1039.
Requested font "ptmb7t" at 5.0pt
 -> ptmb7t
Requested font "ptmri7t" at 5.0pt
 -> ptmri7t
LaTeX Font Info:    Font shape `OT1/ptm/bx/it' in size <5> not available
(Font)              Font shape `OT1/ptm/b/it' tried instead on input line 1039.

Requested font "ptmbi7t" at 5.0pt
 -> ptmbi7t
Requested font "ptmr7t" at 7.0pt
 -> ptmr7t
LaTeX Font Info:    Font shape `OT1/ptm/bx/n' in size <7> not available
(Font)              Font shape `OT1/ptm/b/n' tried instead on input line 1039.
Requested font "ptmb7t" at 7.0pt
 -> ptmb7t
Requested font "ptmri7t" at 7.0pt
 -> ptmri7t
LaTeX Font Info:    Font shape `OT1/ptm/bx/it' in size <7> not available
(Font)              Font shape `OT1/ptm/b/it' tried instead on input line 1039.

Requested font "ptmbi7t" at 7.0pt
 -> ptmbi7t
Requested font "ptmr7t" at 8.0pt
 -> ptmr7t
LaTeX Font Info:    Font shape `OT1/ptm/bx/n' in size <8> not available
(Font)              Font shape `OT1/ptm/b/n' tried instead on input line 1039.
Requested font "ptmb7t" at 8.0pt
 -> ptmb7t
Requested font "ptmri7t" at 8.0pt
 -> ptmri7t
LaTeX Font Info:    Font shape `OT1/ptm/bx/it' in size <8> not available
(Font)              Font shape `OT1/ptm/b/it' tried instead on input line 1039.

Requested font "ptmbi7t" at 8.0pt
 -> ptmbi7t
LaTeX Font Info:    Font shape `OT1/ptm/bx/n' in size <9> not available
(Font)              Font shape `OT1/ptm/b/n' tried instead on input line 1039.
Requested font "ptmb7t" at 9.0pt
 -> ptmb7t
Requested font "ptmri7t" at 9.0pt
 -> ptmri7t
LaTeX Font Info:    Font shape `OT1/ptm/bx/it' in size <9> not available
(Font)              Font shape `OT1/ptm/b/it' tried instead on input line 1039.

Requested font "ptmbi7t" at 9.0pt
 -> ptmbi7t
LaTeX Font Info:    Font shape `OT1/ptm/bx/n' in size <10> not available
(Font)              Font shape `OT1/ptm/b/n' tried instead on input line 1039.
Requested font "ptmb7t" at 10.0pt
 -> ptmb7t
Requested font "ptmri7t" at 10.0pt
 -> ptmri7t
LaTeX Font Info:    Font shape `OT1/ptm/bx/it' in size <10> not available
(Font)              Font shape `OT1/ptm/b/it' tried instead on input line 1039.

Requested font "ptmbi7t" at 10.0pt
 -> ptmbi7t
Requested font "ptmr7t" at 11.0pt
 -> ptmr7t
LaTeX Font Info:    Font shape `OT1/ptm/bx/n' in size <11> not available
(Font)              Font shape `OT1/ptm/b/n' tried instead on input line 1039.
Requested font "ptmb7t" at 11.0pt
 -> ptmb7t
Requested font "ptmri7t" at 11.0pt
 -> ptmri7t
LaTeX Font Info:    Font shape `OT1/ptm/bx/it' in size <11> not available
(Font)              Font shape `OT1/ptm/b/it' tried instead on input line 1039.

Requested font "ptmbi7t" at 11.0pt
 -> ptmbi7t
Requested font "ptmr7t" at 12.0pt
 -> ptmr7t
LaTeX Font Info:    Font shape `OT1/ptm/bx/n' in size <12> not available
(Font)              Font shape `OT1/ptm/b/n' tried instead on input line 1039.
Requested font "ptmb7t" at 12.0pt
 -> ptmb7t
Requested font "ptmri7t" at 12.0pt
 -> ptmri7t
LaTeX Font Info:    Font shape `OT1/ptm/bx/it' in size <12> not available
(Font)              Font shape `OT1/ptm/b/it' tried instead on input line 1039.

Requested font "ptmbi7t" at 12.0pt
 -> ptmbi7t
Requested font "ptmr7t" at 17.0pt
 -> ptmr7t
LaTeX Font Info:    Font shape `OT1/ptm/bx/n' in size <17> not available
(Font)              Font shape `OT1/ptm/b/n' tried instead on input line 1039.
Requested font "ptmb7t" at 17.0pt
 -> ptmb7t
Requested font "ptmri7t" at 17.0pt
 -> ptmri7t
LaTeX Font Info:    Font shape `OT1/ptm/bx/it' in size <17> not available
(Font)              Font shape `OT1/ptm/b/it' tried instead on input line 1039.

Requested font "ptmbi7t" at 17.0pt
 -> ptmbi7t
Requested font "ptmr7t" at 20.0pt
 -> ptmr7t
LaTeX Font Info:    Font shape `OT1/ptm/bx/n' in size <20> not available
(Font)              Font shape `OT1/ptm/b/n' tried instead on input line 1039.
Requested font "ptmb7t" at 20.0pt
 -> ptmb7t
Requested font "ptmri7t" at 20.0pt
 -> ptmri7t
LaTeX Font Info:    Font shape `OT1/ptm/bx/it' in size <20> not available
(Font)              Font shape `OT1/ptm/b/it' tried instead on input line 1039.

Requested font "ptmbi7t" at 20.0pt
 -> ptmbi7t
Requested font "ptmr7t" at 24.0pt
 -> ptmr7t
LaTeX Font Info:    Font shape `OT1/ptm/bx/n' in size <24> not available
(Font)              Font shape `OT1/ptm/b/n' tried instead on input line 1039.
Requested font "ptmb7t" at 24.0pt
 -> ptmb7t
Requested font "ptmri7t" at 24.0pt
 -> ptmri7t
LaTeX Font Info:    Font shape `OT1/ptm/bx/it' in size <24> not available
(Font)              Font shape `OT1/ptm/b/it' tried instead on input line 1039.

Requested font "ptmbi7t" at 24.0pt
 -> ptmbi7t
\IEEEquantizedlength=\dimen109
\IEEEquantizedlengthdiff=\dimen110
\IEEEquantizedtextheightdiff=\dimen111
\IEEEilabelindentA=\dimen112
\IEEEilabelindentB=\dimen113
\IEEEilabelindent=\dimen114
\IEEEelabelindent=\dimen115
\IEEEdlabelindent=\dimen116
\IEEElabelindent=\dimen117
\IEEEiednormlabelsep=\dimen118
\IEEEiedmathlabelsep=\dimen119
\IEEEiedtopsep=\skip41
\c@section=\count83
\c@subsection=\count84
\c@subsubsection=\count85
\c@paragraph=\count86
\c@IEEEsubequation=\count87
\abovecaptionskip=\skip42
\belowcaptionskip=\skip43
\c@figure=\count88
\c@table=\count89
\@IEEEeqnnumcols=\count90
\@IEEEeqncolcnt=\count91
\@IEEEsubeqnnumrollback=\count92
\@IEEEquantizeheightA=\dimen120
\@IEEEquantizeheightB=\dimen121
\@IEEEquantizeheightC=\dimen122
\@IEEEquantizeprevdepth=\dimen123
\@IEEEquantizemultiple=\count93
\@IEEEquantizeboxA=\box26
\@IEEEtmpitemindent=\dimen124
\c@IEEEbiography=\count94
\@IEEEtranrubishbin=\box27
) ("D:\Science\Конференции\Conference papers\RTU_2014\2014.10.26\unt
itled-1.aux")
LaTeX Font Info:    Checking defaults for OML/cmm/m/it on input line 392.
LaTeX Font Info:    ... okay on input line 392.
LaTeX Font Info:    Checking defaults for T1/cmr/m/n on input line 392.
LaTeX Font Info:    ... okay on input line 392.
LaTeX Font Info:    Checking defaults for OT1/cmr/m/n on input line 392.
LaTeX Font Info:    ... okay on input line 392.
LaTeX Font Info:    Checking defaults for OMS/cmsy/m/n on input line 392.
LaTeX Font Info:    ... okay on input line 392.
LaTeX Font Info:    Checking defaults for OMX/cmex/m/n on input line 392.
LaTeX Font Info:    ... okay on input line 392.
LaTeX Font Info:    Checking defaults for U/cmr/m/n on input line 392.
LaTeX Font Info:    ... okay on input line 392.

-- Lines per column: 58 (exact).
Requested font "cmr9" at 9.0pt
 -> cmr9
Requested font "cmr6" at 6.0pt
 -> cmr6
Requested font "cmmi9" at 9.0pt
 -> cmmi9
Requested font "cmmi6" at 6.0pt
 -> cmmi6
Requested font "cmsy9" at 9.0pt
 -> cmsy9
Requested font "cmsy6" at 6.0pt
 -> cmsy6
LaTeX Font Info:    External font `cmex10' loaded for size
(Font)              <9> on input line 482.
LaTeX Font Info:    External font `cmex10' loaded for size
(Font)              <6> on input line 482.
LaTeX Font Info:    External font `cmex10' loaded for size
(Font)              <5> on input line 482.
LaTeX Font Info:    Font shape `OT1/ptm/bx/n' in size <6> not available
(Font)              Font shape `OT1/ptm/b/n' tried instead on input line 482.
Requested font "ptmb7t" at 6.0pt
 -> ptmb7t
Requested font "ptmrc7t" at 10.0pt
 -> ptmrc7t
Requested font "ptmb7t" at 19.88007pt
 -> ptmb7t
Requested font "ptmb7t" at 29.54773pt
 -> ptmb7t
LaTeX Font Info:    External font `cmex10' loaded for size
(Font)              <7> on input line 519.

Underfull \vbox (badness 10000) has occurred while \output is active []

 [1


]
Requested font "cmr8" at 8.0pt
 -> cmr8
Requested font "cmmi8" at 8.0pt
 -> cmmi8
Requested font "cmsy8" at 8.0pt
 -> cmsy8
LaTeX Font Info:    External font `cmex10' loaded for size
(Font)              <8> on input line 728.
Requested font "ptmri7t" at 6.0pt
 -> ptmri7t
Missing character: There is no “ in font ptmr7t!
Missing character: There is no ” in font ptmr7t!
Missing character: There is no “ in font ptmr7t!
Missing character: There is no ” in font ptmr7t!
Missing character: There is no “ in font ptmr7t!
Missing character: There is no ” in font ptmr7t!
Missing character: There is no “ in font ptmr7t!
Missing character: There is no ” in font ptmr7t!

Underfull \hbox (badness 10000) in paragraph at lines 752--753
[]\OT1/ptm/m/n/8 IEQ Chek, prod-uct de-scrip-tion, on-line:
 []


Underfull \hbox (badness 10000) in paragraph at lines 752--753
\OT1/ptm/m/n/8 http://www.tequipment.net/assets/1/26/Documents/Bacharach/
 []


Underfull \hbox (badness 10000) in paragraph at lines 755--756
[]\OT1/ptm/m/n/8 IEQ in-stru-ments, prod-uct de-scrip-tion, on-line:
 []


Underfull \hbox (badness 10000) in paragraph at lines 755--756
\OT1/ptm/m/n/8 http://www.skcinc.com/iaqinstruments.asp, re-source ac-cessed on
:
 []

[2

]
("D:\Science\Конференции\Conference papers\RTU_2014\2014.10.26\untit
led-1.aux") ) 
Here is how much of TeX's memory you used:
 1038 strings out of 429156
 19060 string characters out of 3168943
 73103 words of memory out of 3000000
 4359 multiletter control sequences out of 15000+200000
 30196 words of font info for 68 fonts, out of 3000000 for 9000
 789 hyphenation exceptions out of 8191
 26i,8n,28p,1091b,208s stack positions out of 5000i,500n,10000p,200000b,50000s

Output written on untitled-1.pdf (2 pages).
